Assuming unrestricted shared filesystem usage.
host: ip-172-31-20-25
Building DAG of jobs...
Using shell: /usr/bin/bash
Provided cores: 16
Rules claiming more threads will be scaled down.
Job stats:
job                        count
-----------------------  -------
extract_proteins               1
nucmer_align                   1
syri                           6
setup_orthofinder_input        1
orthofinder                    1
extract_sco_sequences          1
partition_pangenome            1
concat_and_tree                1
prepare_cafe_input             1
cafe5                          1
parse_cafe_results             1
total                         16

Select jobs to execute...
Execute 7 jobs...

[Wed Apr  1 21:05:07 2026]
localrule syri:
    input: results/synteny/Cx_pallens_vs_Cx_molestus.delta, resources/genomes/Cx_pallens.fasta, resources/genomes/Cx_molestus.fasta
    output: results/synteny/Cx_pallens_vs_Cx_molestus_syri.out
    jobid: 20
    reason: Missing output files: results/synteny/Cx_pallens_vs_Cx_molestus_syri.out
    wildcards: ref=Cx_pallens, query=Cx_molestus
    resources: tmpdir=/tmp
Activating conda environment: .snakemake/conda/ce25366e35b5e607661b82d5aa731eca_

[Wed Apr  1 21:05:07 2026]
localrule syri:
    input: results/synteny/Cx_pallens_vs_Cx_pipiens.delta, resources/genomes/Cx_pallens.fasta, resources/genomes/Cx_pipiens.fasta
    output: results/synteny/Cx_pallens_vs_Cx_pipiens_syri.out
    jobid: 33
    reason: Missing output files: results/synteny/Cx_pallens_vs_Cx_pipiens_syri.out
    wildcards: ref=Cx_pallens, query=Cx_pipiens
    resources: tmpdir=/tmp
Activating conda environment: .snakemake/conda/ce25366e35b5e607661b82d5aa731eca_

[Wed Apr  1 21:05:07 2026]
localrule syri:
    input: results/synteny/Cx_quinquefasciatus_vs_Cx_pipiens.delta, resources/genomes/Cx_quinquefasciatus.fasta, resources/genomes/Cx_pipiens.fasta
    output: results/synteny/Cx_quinquefasciatus_vs_Cx_pipiens_syri.out
    jobid: 22
    reason: Missing output files: results/synteny/Cx_quinquefasciatus_vs_Cx_pipiens_syri.out
    wildcards: ref=Cx_quinquefasciatus, query=Cx_pipiens
    resources: tmpdir=/tmp
Activating conda environment: .snakemake/conda/ce25366e35b5e607661b82d5aa731eca_

[Wed Apr  1 21:05:07 2026]
localrule syri:
    input: results/synteny/Cx_quinquefasciatus_vs_Cx_molestus.delta, resources/genomes/Cx_quinquefasciatus.fasta, resources/genomes/Cx_molestus.fasta
    output: results/synteny/Cx_quinquefasciatus_vs_Cx_molestus_syri.out
    jobid: 24
    reason: Missing output files: results/synteny/Cx_quinquefasciatus_vs_Cx_molestus_syri.out
    wildcards: ref=Cx_quinquefasciatus, query=Cx_molestus
    resources: tmpdir=/tmp
Activating conda environment: .snakemake/conda/ce25366e35b5e607661b82d5aa731eca_

[Wed Apr  1 21:05:07 2026]
localrule syri:
    input: results/synteny/Cx_quinquefasciatus_vs_Cx_pallens.delta, resources/genomes/Cx_quinquefasciatus.fasta, resources/genomes/Cx_pallens.fasta
    output: results/synteny/Cx_quinquefasciatus_vs_Cx_pallens_syri.out
    jobid: 26
    reason: Missing output files: results/synteny/Cx_quinquefasciatus_vs_Cx_pallens_syri.out
    wildcards: ref=Cx_quinquefasciatus, query=Cx_pallens
    resources: tmpdir=/tmp
Activating conda environment: .snakemake/conda/ce25366e35b5e607661b82d5aa731eca_

[Wed Apr  1 21:05:07 2026]
localrule extract_proteins:
    input: resources/genomes/Cx_pallens.fasta, results/annotation/Cx_pallens_liftoff.gff3
    output: results/proteins/Cx_pallens.fa
    jobid: 6
    reason: Missing output files: results/proteins/Cx_pallens.fa
    wildcards: sample=Cx_pallens
    resources: tmpdir=/tmp
Activating conda environment: .snakemake/conda/a05c4b815e18ce7109106b42603721b1_

[Wed Apr  1 21:05:07 2026]
localrule nucmer_align:
    input: resources/genomes/Cx_molestus.fasta, resources/genomes/Cx_pipiens.fasta
    output: results/synteny/Cx_molestus_vs_Cx_pipiens.delta, results/synteny/Cx_molestus_vs_Cx_pipiens.filtered.delta
    jobid: 19
    reason: Missing output files: results/synteny/Cx_molestus_vs_Cx_pipiens.delta
    wildcards: ref=Cx_molestus, query=Cx_pipiens
    threads: 8
    resources: tmpdir=/tmp
Activating conda environment: .snakemake/conda/34f0752168e44947e7fd854fc8cb24d6_
usage: syri [-h] -c INFILE [-r REF] [-q QRY] [-d DELTA] [-F {T,S,B,P}] [-f]
            [-k] [--dir DIR] [--prefix PREFIX] [--seed SEED] [--nc NCORES]
            [--novcf] [--samplename SNAME] [--nosr] [--invgaplen INVGL]
            [--tdgaplen TDGL] [--tdmaxolp TDOLP] [-b BRUTERUNTIME]
            [--unic TRANSUNICOUNT] [--unip TRANSUNIPERCENT] [--inc INCREASEBY]
            [--no-chrmatch] [--nosv] [--nosnp] [--all] [--allow-offset OFFSET]
            [--cigar] [-s SSPATH] [--hdrseq] [--maxsize MAXS]
            [--log {DEBUG,INFO,WARN}] [--lf LOG_FIN] [--version]
syri: error: argument -F: invalid choice: 'D' (choose from 'T', 'S', 'B', 'P')
usage: syri [-h] -c INFILE [-r REF] [-q QRY] [-d DELTA] [-F {T,S,B,P}] [-f]
            [-k] [--dir DIR] [--prefix PREFIX] [--seed SEED] [--nc NCORES]
            [--novcf] [--samplename SNAME] [--nosr] [--invgaplen INVGL]
            [--tdgaplen TDGL] [--tdmaxolp TDOLP] [-b BRUTERUNTIME]
            [--unic TRANSUNICOUNT] [--unip TRANSUNIPERCENT] [--inc INCREASEBY]
            [--no-chrmatch] [--nosv] [--nosnp] [--all] [--allow-offset OFFSET]
            [--cigar] [-s SSPATH] [--hdrseq] [--maxsize MAXS]
            [--log {DEBUG,INFO,WARN}] [--lf LOG_FIN] [--version]
syri: error: argument -F: invalid choice: 'D' (choose from 'T', 'S', 'B', 'P')
usage: syri [-h] -c INFILE [-r REF] [-q QRY] [-d DELTA] [-F {T,S,B,P}] [-f]
            [-k] [--dir DIR] [--prefix PREFIX] [--seed SEED] [--nc NCORES]
            [--novcf] [--samplename SNAME] [--nosr] [--invgaplen INVGL]
            [--tdgaplen TDGL] [--tdmaxolp TDOLP] [-b BRUTERUNTIME]
            [--unic TRANSUNICOUNT] [--unip TRANSUNIPERCENT] [--inc INCREASEBY]
            [--no-chrmatch] [--nosv] [--nosnp] [--all] [--allow-offset OFFSET]
            [--cigar] [-s SSPATH] [--hdrseq] [--maxsize MAXS]
            [--log {DEBUG,INFO,WARN}] [--lf LOG_FIN] [--version]
syri: error: argument -F: invalid choice: 'D' (choose from 'T', 'S', 'B', 'P')
usage: syri [-h] -c INFILE [-r REF] [-q QRY] [-d DELTA] [-F {T,S,B,P}] [-f]
            [-k] [--dir DIR] [--prefix PREFIX] [--seed SEED] [--nc NCORES]
            [--novcf] [--samplename SNAME] [--nosr] [--invgaplen INVGL]
            [--tdgaplen TDGL] [--tdmaxolp TDOLP] [-b BRUTERUNTIME]
            [--unic TRANSUNICOUNT] [--unip TRANSUNIPERCENT] [--inc INCREASEBY]
            [--no-chrmatch] [--nosv] [--nosnp] [--all] [--allow-offset OFFSET]
            [--cigar] [-s SSPATH] [--hdrseq] [--maxsize MAXS]
            [--log {DEBUG,INFO,WARN}] [--lf LOG_FIN] [--version]
syri: error: argument -F: invalid choice: 'D' (choose from 'T', 'S', 'B', 'P')
[Wed Apr  1 21:05:08 2026]
Finished jobid: 33 (Rule: syri)
1 of 16 steps (6%) done
[Wed Apr  1 21:05:08 2026]
Finished jobid: 20 (Rule: syri)
2 of 16 steps (12%) done
[Wed Apr  1 21:05:08 2026]
Finished jobid: 22 (Rule: syri)
3 of 16 steps (19%) done
[Wed Apr  1 21:05:08 2026]
Finished jobid: 24 (Rule: syri)
usage: syri [-h] -c INFILE [-r REF] [-q QRY] [-d DELTA] [-F {T,S,B,P}] [-f]
            [-k] [--dir DIR] [--prefix PREFIX] [--seed SEED] [--nc NCORES]
            [--novcf] [--samplename SNAME] [--nosr] [--invgaplen INVGL]
            [--tdgaplen TDGL] [--tdmaxolp TDOLP] [-b BRUTERUNTIME]
            [--unic TRANSUNICOUNT] [--unip TRANSUNIPERCENT] [--inc INCREASEBY]
            [--no-chrmatch] [--nosv] [--nosnp] [--all] [--allow-offset OFFSET]
            [--cigar] [-s SSPATH] [--hdrseq] [--maxsize MAXS]
            [--log {DEBUG,INFO,WARN}] [--lf LOG_FIN] [--version]
4 of 16 steps (25%) done
syri: error: argument -F: invalid choice: 'D' (choose from 'T', 'S', 'B', 'P')
[Wed Apr  1 21:05:08 2026]
Finished jobid: 26 (Rule: syri)
5 of 16 steps (31%) done
Warning: CDS 9619542-9619542 too short for rna-XM_038255522.1, check your data.
Warning: CDS 75149439-75149440 too short for rna-XM_038253589.1, check your data.
Warning: CDS 155371396-155371396 too short for rna-XM_038255639.1, check your data.
[Wed Apr  1 21:05:10 2026]
Finished jobid: 6 (Rule: extract_proteins)
6 of 16 steps (38%) done
Select jobs to execute...
Execute 1 jobs...

[Wed Apr  1 21:05:10 2026]
localrule setup_orthofinder_input:
    input: results/proteins/Cx_quinquefasciatus.fa, results/proteins/Cx_pallens.fa, results/proteins/Cx_molestus.fa, results/proteins/Cx_pipiens.fa, results/proteins/Cx_tarsalis.fa
    output: results/orthofinder/input
    jobid: 2
    reason: Missing output files: results/orthofinder/input; Input files updated by another job: results/proteins/Cx_pallens.fa
    resources: tmpdir=/tmp
[Wed Apr  1 21:05:12 2026]
Finished jobid: 2 (Rule: setup_orthofinder_input)
7 of 16 steps (44%) done
Select jobs to execute...
Execute 1 jobs...

[Wed Apr  1 21:05:12 2026]
localrule orthofinder:
    input: results/orthofinder/input
    output: results/orthofinder/output
    jobid: 1
    reason: Missing output files: results/orthofinder/output; Input files updated by another job: results/orthofinder/input
    threads: 8
    resources: tmpdir=/tmp
Activating conda environment: .snakemake/conda/c059cbfea3ff07aa7c85591e22801d91_
/home/ubuntu/cx_pipiens_pangenome/.snakemake/conda/c059cbfea3ff07aa7c85591e22801d91_/bin/src/orthofinder/tools/tree.py:392: SyntaxWarning: "\-" is an invalid escape sequence. Such sequences will not work in the future. Did you mean "\\-"? A raw string is also an option.
  \--- H |
/home/ubuntu/cx_pipiens_pangenome/.snakemake/conda/c059cbfea3ff07aa7c85591e22801d91_/bin/src/orthofinder/tools/newick.py:341: SyntaxWarning: "\s" is an invalid escape sequence. Such sequences will not work in the future. Did you mean "\\s"? A raw string is also an option.
  MATCH = '%s\s*%s\s*(%s)?' % (FIRST_MATCH, SECOND_MATCH, _NHX_RE)

[1;36;49m2026[0m[39;49m-[0m[1;36;49m04[0m[39;49m-[0m[1;36;49m01[0m[39;49m [0m[1;92;49m21:05:16[0m[39;49m : Starting [0m[38;5;136;49mOrthoFinder[0m[39;49m v[0m[38;5;38;49m3.[0m[1;38;5;38;49m1.3[0m
8 thread(s) for highly parallel tasks (BLAST searches etc.)
4 thread(s) for OrthoFinder algorithm

[1;38;5;136;49mOrthoFinder[0m[39;49m version [0m[1;38;5;38;49m3.1[0m[38;5;38;49m.[0m[1;38;5;38;49m3[0m[39;49m Copyright [0m[1;39;49m([0m[39;49mC[0m[1;39;49m)[0m[39;49m [0m[1;36;49m2014[0m[39;49m [0m[1;38;5;136;49mDavid Emms[0m

[39;49mResults directory:[0m
[39;49m    [0m[38;5;36;49m/home/ubuntu/cx_pipiens_pangenome/results/orthofinder/output/Results_Apr01/[0m

Checking required programs are installed
========================================
[39;49mTest can run [0m[32;49m"[0m[38;5;172;49mmcl[0m[32;49m"[0m[39;49m - [0m[1;32;49mok[0m
[39;49mTest can run [0m[32;49m"[0m[38;5;172;49mfamsa[0m[32;49m"[0m[39;49m - [0m[1;32;49mok[0m
[39;49mTest can run [0m[32;49m"[0m[38;5;172;49mfasttree[0m[32;49m"[0m[39;49m - [0m[1;32;49mok[0m

WARNING: Files have been ignored as they don't appear to be FASTA files:
.snakemake_timestamp
OrthoFinder expects FASTA files to have one of the following extensions: fna, pep, fasta, 
fa, fas, faa

Dividing up work for BLAST for parallel processing
--------------------------------------------------
Processing... ━━━━━━━━━━━━━━━━━━━━━━━━━━━━━━━━━━━━━━━━   5/5 0:00:00

Running diamond all-versus-all
==============================
Using 8 thread(s)
[1;36;49m2026[0m[39;49m-[0m[1;36;49m04[0m[39;49m-[0m[1;36;49m01[0m[39;49m [0m[1;92;49m21:05:17[0m[39;49m : This may take some time[0m[33;49m...[0m
Processing... ━━━━━━━━━━━━━━━━━━━━━━━━━━━━━━━━━━━━━━━━   25/25 0:14:15
[1;36;49m2026[0m[39;49m-[0m[1;36;49m04[0m[39;49m-[0m[1;36;49m01[0m[39;49m [0m[1;92;49m21:19:33[0m[39;49m : Done all-versus-all sequence search[0m

Running OrthoFinder algorithm
-----------------------------
[1;36;49m2026[0m[39;49m-[0m[1;36;49m04[0m[39;49m-[0m[1;36;49m01[0m[39;49m [0m[1;92;49m21:19:33[0m[39;49m : Initial processing of each species[0m
Processing... ━━━━━━━━━━━━━━━━━━━━━━━━━━━━━━━━━━━━━━━━   5/5 0:00:08
[1;36;49m2026[0m[39;49m-[0m[1;36;49m04[0m[39;49m-[0m[1;36;49m01[0m[39;49m [0m[1;92;49m21:19:42[0m[39;49m : Connected putative homologues[0m
Processing... ━━━━━━━━━━━━━━━━━━━━━━━━━━━━━━━━━━━━━━━━   5/5 0:00:00
[1;36;49m2026[0m[39;49m-[0m[1;36;49m04[0m[39;49m-[0m[1;36;49m01[0m[39;49m [0m[1;92;49m21:19:52[0m[39;49m : Ran MCL[0m

Writing orthogroups to file
---------------------------
[1;36;49m2026[0m[39;49m-[0m[1;36;49m04[0m[39;49m-[0m[1;36;49m01[0m[39;49m [0m[1;92;49m21:19:53[0m[39;49m : Done orthogroups[0m

Analysing Orthogroups
=====================
[1;36;49m2026[0m[39;49m-[0m[1;36;49m04[0m[39;49m-[0m[1;36;49m01[0m[39;49m [0m[1;92;49m21:19:53[0m[39;49m : Starting MSA/Trees[0m
Species tree: Using 8682 orthogroups with minimum of 80.0% of species having single-copy 
genes in any orthogroup

Inferring multiple sequence alignments for species tree
-------------------------------------------------------
Processing... ━━━━━━━━━━━━━━━━━━━━━━━━━━━━━━━━━━━━━━━━   8682/8682 0:01:27

Inferring remaining multiple sequence alignments and gene trees
---------------------------------------------------------------
Processing... ━━━━━━━━━━━━━━━━━━━━━━━━━━━━━━━━━━━━━━━━   7758/7758 0:15:14
[1;36;49m2026[0m[39;49m-[0m[1;36;49m04[0m[39;49m-[0m[1;36;49m01[0m[39;49m [0m[1;92;49m21:36:48[0m[39;49m : Done MSA/Trees[0m

Best outgroup(s) for species tree
---------------------------------
[1;36;49m2026[0m[39;49m-[0m[1;36;49m04[0m[39;49m-[0m[1;36;49m01[0m[39;49m [0m[1;92;49m21:36:48[0m[39;49m : Starting STRIDE[0m
[1;36;49m2026[0m[39;49m-[0m[1;36;49m04[0m[39;49m-[0m[1;36;49m01[0m[39;49m [0m[1;92;49m21:36:55[0m[39;49m : Done STRIDE[0m
Observed 95 well-supported, non-terminal duplications. 77 support the best root and 18 
contradict it.
Best outgroup for species tree:
  Cx_tarsalis

Reconciling gene trees and species tree
---------------------------------------
Outgroup: Cx_tarsalis
[1;36;49m2026[0m[39;49m-[0m[1;36;49m04[0m[39;49m-[0m[1;36;49m01[0m[39;49m [0m[1;92;49m21:36:55[0m[39;49m : Starting reconciliation and orthologues[0m
[1;36;49m2026[0m[39;49m-[0m[1;36;49m04[0m[39;49m-[0m[1;36;49m01[0m[39;49m [0m[1;92;49m21:36:55[0m[39;49m : Inferring orthologues from gene trees[0m
Processing... ━━━━━━━━━━━━━━━━━━━━━━━━━━━━━━━━━━━━━━━━   12848/12848 0:00:03
[1;36;49m2026[0m[39;49m-[0m[1;36;49m04[0m[39;49m-[0m[1;36;49m01[0m[39;49m [0m[1;92;49m21:36:59[0m[39;49m : Done of orthologues[0m

Writing results files
=====================
[1;36;49m2026[0m[39;49m-[0m[1;36;49m04[0m[39;49m-[0m[1;36;49m01[0m[39;49m [0m[1;92;49m21:36:59[0m[39;49m : Start writing hierarchical orthogroups files[0m
[1;36;49m2026[0m[39;49m-[0m[1;36;49m04[0m[39;49m-[0m[1;36;49m01[0m[39;49m [0m[1;92;49m21:36:59[0m[39;49m : Converting MSA/Trees[0m
[1;36;49m2026[0m[39;49m-[0m[1;36;49m04[0m[39;49m-[0m[1;36;49m01[0m[39;49m [0m[1;92;49m21:37:01[0m[39;49m : Updating MSA/Trees[0m
[1;36;49m2026[0m[39;49m-[0m[1;36;49m04[0m[39;49m-[0m[1;36;49m01[0m[39;49m [0m[1;92;49m21:37:48[0m[39;49m : Done updating MSA/Trees[0m
Processing... ━━━━━━━━━━━━━━━━━━━━━━━━━━━━━━━━━━━━━━━━   12851/12851 0:00:03
[1;36;49m2026[0m[39;49m-[0m[1;36;49m04[0m[39;49m-[0m[1;36;49m01[0m[39;49m [0m[1;92;49m21:37:52[0m[39;49m : Done writing files[0m

Summary: 
 OrthoFinder assigned 92583 genes (97.9% of total) to 16442 orthogroups.                   
 50% of genes were in orthogroups with 5 or more genes (G50 was 5) and were contained in   
 the largest 3867 orthogroups (O50 was 3867).                                              
 There were 17 orthogroups with all species present and 5 of these consisted entirely of   
 single-copy genes.                                                                        

[39;49mResults directory:[0m
[39;49m    [0m[38;5;36;49m/home/ubuntu/cx_pipiens_pangenome/results/orthofinder/output/Results_Apr01/[0m


[39;49mCITATION:[0m
[39;49m When publishing work that uses [0m[38;5;136;49mOrthoFinder[0m[39;49m please cite:[0m
[39;49m Emms D.M., Liu Y., Belcher L., Holmes J. & Kelly S. [0m[1;39;49m([0m[1;36;49m2025[0m[1;39;49m)[0m[39;49m, bioRxiv [0m]8;id=511410;https://doi.org/10.1101/2025.07.15.664860\[4;38;5;36;49mhttps://doi.org/10.1101/2025.07.15.664860[0m]8;;\
[39;49m Emms D.M. & Kelly S. [0m[1;39;49m([0m[1;36;49m2019[0m[1;39;49m)[0m[39;49m, Genome Biology [0m[1;92;49m20:238[0m

[39;49m If you use the species tree in your work then please also cite:[0m
[39;49m Emms D.M. & Kelly S. [0m[1;39;49m([0m[1;36;49m2017[0m[1;39;49m)[0m[39;49m, MBE [0m[1;35;49m34[0m[1;39;49m([0m[1;36;49m12[0m[1;39;49m)[0m[39;49m: [0m[1;36;49m3267[0m[39;49m-[0m[1;36;49m3278[0m
[39;49m Emms D.M. & Kelly S. [0m[1;39;49m([0m[1;36;49m2018[0m[1;39;49m)[0m[39;49m, bioRxiv [0m]8;id=503285;https://doi.org/10.1101/267914\[4;38;5;36;49mhttps://doi.org/10.1101/267914[0m]8;;\

[38;5;136;49mOrthoFinder[0m[39;49m finished in [0m[1;32;49m1958.[0m[32;49m492084[0m[39;49ms[0m

[Wed Apr  1 21:37:54 2026]
Finished jobid: 1 (Rule: orthofinder)
8 of 16 steps (50%) done
Select jobs to execute...
Execute 2 jobs...

[Wed Apr  1 21:37:54 2026]
localrule extract_sco_sequences:
    input: results/orthofinder/output
    output: results/phylo/sco_fastas
    jobid: 29
    reason: Missing output files: results/phylo/sco_fastas; Input files updated by another job: results/orthofinder/output
    resources: tmpdir=/tmp
[Wed Apr  1 21:37:54 2026]
localrule partition_pangenome:
    input: results/orthofinder/output
    output: results/pangenome/partitioned_orthogroups.tsv, results/pangenome/pangenome_summary.tsv
    jobid: 0
    reason: Missing output files: results/pangenome/pangenome_summary.tsv; Input files updated by another job: results/orthofinder/output
    resources: tmpdir=/tmp
Activating conda environment: .snakemake/conda/04e92211d81a3f57ee2e492db18dff20_
Ingroup samples: ['Cx_molestus', 'Cx_pallens', 'Cx_pipiens', 'Cx_quinquefasciatus']
Outgroup samples: ['Cx_tarsalis']
Total orthogroups: 16442

=== PANGENOME SUMMARY ===
  core: 11696 orthogroups, 73382 genes
  shell: 4235 orthogroups, 17129 genes
  cloud: 511 orthogroups, 2044 genes
  outgroup_only: 0 orthogroups, 0 genes
  cloud_Cx_molestus_specific: 200 orthogroups, 848 genes
  cloud_Cx_pallens_specific: 115 orthogroups, 476 genes
  cloud_Cx_pipiens_specific: 141 orthogroups, 556 genes
  cloud_Cx_quinquefasciatus_specific: 55 orthogroups, 164 genes
=========================

[Wed Apr  1 21:37:55 2026]
Finished jobid: 0 (Rule: partition_pangenome)
9 of 16 steps (56%) done
Activating conda environment: .snakemake/conda/04e92211d81a3f57ee2e492db18dff20_
<frozen importlib._bootstrap>:491: RuntimeWarning: The global interpreter lock (GIL) has been enabled to load module 'Bio.Align._aligncore', which has not declared that it can run safely without the GIL. To override this behavior and keep the GIL disabled (at your own risk), run with PYTHON_GIL=0 or -Xgil=0.
Found 8684 single-copy orthogroups across ingroup
Wrote 8684 complete SCO FASTA files to results/phylo/sco_fastas
[Wed Apr  1 21:37:59 2026]
Finished jobid: 29 (Rule: extract_sco_sequences)
10 of 16 steps (62%) done
Select jobs to execute...
Execute 1 jobs...

[Wed Apr  1 21:37:59 2026]
localrule concat_and_tree:
    input: results/phylo/sco_fastas
    output: results/phylo/concat_tree.treefile, results/phylo/concord.cf.tree
    jobid: 28
    reason: Missing output files: results/phylo/concord.cf.tree, results/phylo/concat_tree.treefile; Input files updated by another job: results/phylo/sco_fastas
    threads: 8
    resources: tmpdir=/tmp
Activating conda environment: .snakemake/conda/04e92211d81a3f57ee2e492db18dff20_
[Wed Apr  1 21:49:33 2026]
Finished jobid: 19 (Rule: nucmer_align)
11 of 16 steps (69%) done
Select jobs to execute...
Execute 1 jobs...

[Wed Apr  1 21:49:33 2026]
localrule syri:
    input: results/synteny/Cx_molestus_vs_Cx_pipiens.delta, resources/genomes/Cx_molestus.fasta, resources/genomes/Cx_pipiens.fasta
    output: results/synteny/Cx_molestus_vs_Cx_pipiens_syri.out
    jobid: 18
    reason: Missing output files: results/synteny/Cx_molestus_vs_Cx_pipiens_syri.out; Input files updated by another job: results/synteny/Cx_molestus_vs_Cx_pipiens.delta
    wildcards: ref=Cx_molestus, query=Cx_pipiens
    resources: tmpdir=/tmp
Activating conda environment: .snakemake/conda/ce25366e35b5e607661b82d5aa731eca_
usage: syri [-h] -c INFILE [-r REF] [-q QRY] [-d DELTA] [-F {T,S,B,P}] [-f]
            [-k] [--dir DIR] [--prefix PREFIX] [--seed SEED] [--nc NCORES]
            [--novcf] [--samplename SNAME] [--nosr] [--invgaplen INVGL]
            [--tdgaplen TDGL] [--tdmaxolp TDOLP] [-b BRUTERUNTIME]
            [--unic TRANSUNICOUNT] [--unip TRANSUNIPERCENT] [--inc INCREASEBY]
            [--no-chrmatch] [--nosv] [--nosnp] [--all] [--allow-offset OFFSET]
            [--cigar] [-s SSPATH] [--hdrseq] [--maxsize MAXS]
            [--log {DEBUG,INFO,WARN}] [--lf LOG_FIN] [--version]
syri: error: argument -F: invalid choice: 'D' (choose from 'T', 'S', 'B', 'P')
[Wed Apr  1 21:49:34 2026]
Finished jobid: 18 (Rule: syri)
12 of 16 steps (75%) done
Trimmed alignments: 8684
[Wed Apr  1 22:17:34 2026]
Finished jobid: 28 (Rule: concat_and_tree)
13 of 16 steps (81%) done
Select jobs to execute...
Execute 1 jobs...

[Wed Apr  1 22:17:34 2026]
localrule prepare_cafe_input:
    input: results/orthofinder/output, results/phylo/concat_tree.treefile
    output: results/cafe/gene_counts_filtered.tsv, results/cafe/ultrametric_tree.nwk
    jobid: 32
    reason: Missing output files: results/cafe/ultrametric_tree.nwk, results/cafe/gene_counts_filtered.tsv; Input files updated by another job: results/orthofinder/output, results/phylo/concat_tree.treefile
    resources: tmpdir=/tmp
Activating conda environment: .snakemake/conda/04e92211d81a3f57ee2e492db18dff20_
Activating conda environment: .snakemake/conda/04e92211d81a3f57ee2e492db18dff20_
Total orthogroups: 16442
After filtering: 16442
Ultrametric tree: ((Cx_pallens:1,Cx_pipiens:1):0.5,(Cx_molestus:1.5,Cx_quinquefasciatus:1.5):0.1);
[Wed Apr  1 22:17:36 2026]
Finished jobid: 32 (Rule: prepare_cafe_input)
14 of 16 steps (88%) done
Select jobs to execute...
Execute 1 jobs...

[Wed Apr  1 22:17:36 2026]
localrule cafe5:
    input: results/cafe/gene_counts_filtered.tsv, results/cafe/ultrametric_tree.nwk
    output: results/cafe/output
    jobid: 31
    reason: Missing output files: results/cafe/output; Input files updated by another job: results/cafe/ultrametric_tree.nwk, results/cafe/gene_counts_filtered.tsv
    resources: tmpdir=/tmp
Activating conda environment: .snakemake/conda/d0633276996d3e258b5de0f01c7637d6_

Command line: cafe5 -i results/cafe/gene_counts_filtered.tsv -t results/cafe/ultrametric_tree.nwk -p -k 3 -o results/cafe/output 

Filtering families not present at the root from: 16442 to 15523

Estimating Poisson root distribution from gene families

Optimizer strategy: Nelder-Mead with similarity cutoff
Iterations: 300
Expansion: 2
Reflection: 1

Starting Search for Initial Parameter Values

Completed 29 iterations
Time: 0H 0M 0S
Best match is: 0.56319317207809
Final -lnL: 76546.317339677

Empirical Prior Estimation Result : (29 iterations)
Poisson lambda: 0.56319317207809 &  Score: 76546.317339677

Optimizer strategy: Nelder-Mead with similarity cutoff
Iterations: 300
Expansion: 2
Reflection: 1

Starting Search for Initial Parameter Values
Attempting lambda: 0.072151212521805, alpha: 0.73492019448371
Score (-lnL): 52168.804931729
Attempting lambda: 0.072151212521805, alpha: 0.73492019448371
Score (-lnL): 52168.804931729
Attempting lambda: 0.075758773147895, alpha: 0.73492019448371
Score (-lnL): 52168.559102737
Attempting lambda: 0.072151212521805, alpha: 0.7716662042079
Score (-lnL): 52272.253036476
Attempting lambda: 0.075758773147895, alpha: 0.69817418475953
Score (-lnL): 52057.011597189
Attempting lambda: 0.07756255346094, alpha: 0.66142817503534
Score (-lnL): 51941.937006791
Attempting lambda: 0.08117011408703, alpha: 0.66142817503534
Score (-lnL): 51950.556119933
Attempting lambda: 0.082973894400075, alpha: 0.58793615558697
Score (-lnL): 51698.884541226
Attempting lambda: 0.086581455026166, alpha: 0.5144441361386
Score (-lnL):  51429.52172031
Attempting lambda: 0.082973894400075, alpha: 0.5144441361386
Score (-lnL): 51426.336976867
Attempting lambda: 0.083875784556598, alpha: 0.44095211669023
Score (-lnL): 51143.000416778
Attempting lambda: 0.092894686121824, alpha: 0.29396807779348
Score (-lnL): 50550.920851155
Attempting lambda: 0.10056075245227, alpha: 0.11023802917256
Score (-lnL): 50415.867114826
Attempting lambda: 0.097855081982698, alpha: 0.036746009724185
Attempting lambda: 0.095036675243565, alpha: 0.15617054132779
Score (-lnL):   50236.1622611
Attempting lambda: 0.11172164313923, alpha: -0.17454354618988
Attempting lambda: 0.10476017849357, alpha: -0.020669630469855
Attempting lambda: 0.097798713847915, alpha: 0.13320428525017
Score (-lnL): 50294.711740273
Attempting lambda: 0.089456229900081, alpha: 0.29856132900901
Score (-lnL):  50576.71529616
Attempting lambda: 0.1033791591914, alpha: -0.0091865024310472
Attempting lambda: 0.099898426868569, alpha: 0.067750455428966
Attempting lambda: 0.09641769454574, alpha: 0.14468741328898
Score (-lnL): 50257.639947516
Attempting lambda: 0.092246452571823, alpha: 0.2273659351684
Score (-lnL): 50327.732116269
Attempting lambda: 0.099207917217482, alpha: 0.07349201944837
Attempting lambda: 0.097467551056067, alpha: 0.11196049837838
Score (-lnL): 50381.587453193
Attempting lambda: 0.095727184894652, alpha: 0.15042897730838
Score (-lnL): 50244.979102411
Attempting lambda: 0.093641563907694, alpha: 0.19176823824809
Score (-lnL): 50247.378837799
Attempting lambda: 0.097122296230523, alpha: 0.11483128038808
Score (-lnL): 50365.451719811
Attempting lambda: 0.096252113149816, alpha: 0.13406551985308
Score (-lnL): 50285.142563103
Attempting lambda: 0.095381930069109, alpha: 0.15329975931809
Score (-lnL): 50240.097176477
Attempting lambda: 0.094339119575629, alpha: 0.17396938978794
Score (-lnL):  50230.27245584
Attempting lambda: 0.093993864750086, alpha: 0.17684017179764
Score (-lnL): 50231.704824474
Attempting lambda: 0.09329630908215, alpha: 0.1946390202578
Score (-lnL): 50252.146784849
Attempting lambda: 0.093731400622504, alpha: 0.18502190052529
Score (-lnL): 50238.725814995
Attempting lambda: 0.094166492162857, alpha: 0.17540478079279
Score (-lnL): 50230.899731328
Attempting lambda: 0.094687897409597, alpha: 0.16506996555786
Score (-lnL): 50229.949475369
Attempting lambda: 0.094860524822369, alpha: 0.16363457455301
Score (-lnL): 50230.590425133
Attempting lambda: 0.094166492162857, alpha: 0.17540478079279
Score (-lnL): 50230.899731328
Attempting lambda: 0.094340000327735, alpha: 0.17246222923285
Score (-lnL): 50229.783723829
Attempting lambda: 0.094688778161703, alpha: 0.16356280500277
Score (-lnL): 50230.476982265
Attempting lambda: 0.094601363515185, alpha: 0.16616445119906
Score (-lnL): 50229.624536232
Attempting lambda: 0.094253466433323, alpha: 0.17355671487405
Score (-lnL): 50230.125021653
Attempting lambda: 0.094362074177391, alpha: 0.171435027545
Score (-lnL): 50229.543695924
Attempting lambda: 0.094623437364841, alpha: 0.16513724951122
Score (-lnL): 50229.886603391
Attempting lambda: 0.094552578105564, alpha: 0.16696849444162
Score (-lnL): 50229.461395603
Attempting lambda: 0.094313288767771, alpha: 0.17223907078756
Score (-lnL): 50229.723171642
Attempting lambda: 0.094385307454625, alpha: 0.17072041589044
Score (-lnL): 50229.423781024
Attempting lambda: 0.094575811382797, alpha: 0.16625388278706
Score (-lnL): 50229.592366748
Attempting lambda: 0.094522377081446, alpha: 0.16754916897655
Score (-lnL): 50229.379600282
Attempting lambda: 0.094355106430506, alpha: 0.17130109042536
Score (-lnL):   50229.5167917
Attempting lambda: 0.094404474349271, alpha: 0.17021794142942
Score (-lnL): 50229.363265768
Attempting lambda: 0.094541543976092, alpha: 0.16704669451553
Score (-lnL): 50229.445282214
Attempting lambda: 0.094502484845725, alpha: 0.16796512485926
Score (-lnL): 50229.338882081
Attempting lambda: 0.09438458211355, alpha: 0.17063389731214
Score (-lnL): 50229.411229942
Attempting lambda: 0.094419030855524, alpha: 0.16986271522824
Score (-lnL): 50229.332513704
Attempting lambda: 0.094517041351978, alpha: 0.16760989865807
Score (-lnL): 50229.371690585
Attempting lambda: 0.094488899601301, alpha: 0.16826190935091
Score (-lnL): 50229.318686763
Attempting lambda: 0.0944054456111, alpha: 0.17015949971989
Score (-lnL): 50229.357215664
Attempting lambda: 0.094429705419756, alpha: 0.16961090600473
Score (-lnL): 50229.316780541
Attempting lambda: 0.094499574165534, alpha: 0.16801010012741
Score (-lnL): 50229.335013693
Attempting lambda: 0.094479438338032, alpha: 0.16847325390262
Score (-lnL): 50229.308715418
Attempting lambda: 0.094420244156486, alpha: 0.16982225055644
Score (-lnL):  50229.32952278
Attempting lambda: 0.09443740801769, alpha: 0.16943216525506
Score (-lnL): 50229.308682102
Attempting lambda: 0.094487140935965, alpha: 0.16829451315294
Score (-lnL):  50229.31679865
Attempting lambda: 0.094472782056913, alpha: 0.16862361136589
Score (-lnL): 50229.303838794
Attempting lambda: 0.094430751736572, alpha: 0.16958252271833
Score (-lnL): 50229.315277056
Attempting lambda: 0.094442923386937, alpha: 0.1693052055144
Score (-lnL): 50229.304469686
Attempting lambda: 0.09447829742616, alpha: 0.16849665162523
Score (-lnL): 50229.307800733
Attempting lambda: 0.09443740801769, alpha: 0.16943216525506
Score (-lnL): 50229.308682102
Attempting lambda: 0.094447630369808, alpha: 0.1691982868476
Score (-lnL):  50229.30193149
Attempting lambda: 0.094477489039784, alpha: 0.16851669269909
Score (-lnL): 50229.307113195
Attempting lambda: 0.094468847626572, alpha: 0.16871382090291
Score (-lnL): 50229.301799191
Attempting lambda: 0.094443695939467, alpha: 0.16928849638463
Score (-lnL): 50229.304020921
Attempting lambda: 0.094450967468828, alpha: 0.16912227512994
Score (-lnL): 50229.300682448
Attempting lambda: 0.094472184725593, alpha: 0.16863780918526
Score (-lnL): 50229.303482851
Attempting lambda: 0.094466046136646, alpha: 0.16877792860084
Score (-lnL): 50229.300748382
Attempting lambda: 0.094448165978903, alpha: 0.16918638282787
Score (-lnL): 50229.301710986
Attempting lambda: 0.094468847626572, alpha: 0.16871382090291
Score (-lnL): 50229.301799191
Attempting lambda: 0.094463677214655, alpha: 0.16883196138415
Score (-lnL):  50229.30011187
Attempting lambda: 0.094448598546836, alpha: 0.16917630791325
Score (-lnL): 50229.301522858
Attempting lambda: 0.094452960444289, alpha: 0.16907671308515
Score (-lnL): 50229.300143431
Attempting lambda: 0.094465670190116, alpha: 0.16878639933936
Score (-lnL): 50229.300630305
Attempting lambda: 0.094450967468828, alpha: 0.16912227512994
Score (-lnL): 50229.300682448
Attempting lambda: 0.09445464314915, alpha: 0.1690383061823
Score (-lnL): 50229.299823032
Attempting lambda: 0.094465359919516, alpha: 0.1687935544813
Score (-lnL): 50229.300538144
Attempting lambda: 0.094462260050709, alpha: 0.16886434413226
Score (-lnL): 50229.299838768
Attempting lambda: 0.094453225985204, alpha: 0.16907068893041
Score (-lnL): 50229.300087209
Attempting lambda: 0.094463677214655, alpha: 0.16883196138415
Score (-lnL):  50229.30011187
Attempting lambda: 0.094461064407292, alpha: 0.16889164327072
Score (-lnL): 50229.299681306
Attempting lambda: 0.094453447505733, alpha: 0.16906560532075
Score (-lnL): 50229.300042756
Attempting lambda: 0.094455650641977, alpha: 0.16901529002363
Score (-lnL): 50229.299691943
Attempting lambda: 0.094462071900119, alpha: 0.16886862711205
Score (-lnL): 50229.299811528
Attempting lambda: 0.09445464314915, alpha: 0.1690383061823
Score (-lnL): 50229.299823032
Attempting lambda: 0.094456500336892, alpha: 0.16899588641474
Score (-lnL): 50229.299607416
Attempting lambda: 0.094461914102207, alpha: 0.16887223966182
Score (-lnL): 50229.299787535
Attempting lambda: 0.09446034823715, alpha: 0.16890800225227
Score (-lnL): 50229.299612809
Attempting lambda: 0.09445578416675, alpha: 0.16901224539629
Score (-lnL): 50229.299674508
Attempting lambda: 0.094461064407292, alpha: 0.16889164327072
Score (-lnL): 50229.299681306
Attempting lambda: 0.094459744347157, alpha: 0.16892179380211
Score (-lnL): 50229.299566236
Attempting lambda: 0.094455896446899, alpha: 0.16900967796457
Score (-lnL): 50229.299663927
Attempting lambda: 0.094457009394462, alpha: 0.1689842590365
Score (-lnL): 50229.299572546
Attempting lambda: 0.094460253404726, alpha: 0.16891016642387
Score (-lnL): 50229.299599641

Completed 49 iterations
Time: 0H 17M 39S
Best matches are: 0.094459744347157,0.16892179380211
Final -lnL: 50229.299566236

102 values were attempted (3% rejected)
The following families had failure rates >20% of the time:
n/a had 46569 failures

Inferring processes for Gamma model
Score (-lnL): 50229.299566236
Maximum possible lambda for this topology: 0.66666666666667
Computing pvalues...
done!

Starting reconstruction processes for Gamma model
Done!

[Wed Apr  1 22:36:55 2026]
Finished jobid: 31 (Rule: cafe5)
15 of 16 steps (94%) done
Select jobs to execute...
Execute 1 jobs...

[Wed Apr  1 22:36:55 2026]
localrule parse_cafe_results:
    input: results/cafe/output
    output: results/cafe/significant_families.tsv, results/cafe/branch_summary.tsv
    jobid: 30
    reason: Input files updated by another job: results/cafe/output
    resources: tmpdir=/tmp
Significant (p < 0.05): 592
[Wed Apr  1 22:36:55 2026]
Finished jobid: 30 (Rule: parse_cafe_results)
16 of 16 steps (100%) done
Complete log(s): /home/ubuntu/cx_pipiens_pangenome/.snakemake/log/2026-04-01T210505.888249.snakemake.log
